2023-09-11 10:40:10.318 [main] INFO  APITests.BaseTest - Test case execution has started
2023-09-11 10:40:14.338 [main] INFO  APITests.BaseTest - testUpdateBookingReturnsCorrectDetails(TestInfo) has been executed
2023-09-11 10:40:16.703 [main] INFO  APITests.BaseTest - testCreateBookingReturnsCorrectDetails(TestInfo) has been executed
2023-09-11 10:40:20.181 [main] INFO  APITests.BaseTest - testGetBookingByIdReturns200(TestInfo) has been executed
2023-09-11 10:40:22.520 [main] INFO  APITests.BaseTest - testCreateBookingReturns200(TestInfo) has been executed
2023-09-11 10:40:25.119 [main] INFO  APITests.BaseTest - testGetAllBookingIdsReturnsNonEmptyArray(TestInfo) has been executed
2023-09-11 10:40:28.530 [main] INFO  APITests.BaseTest - testPartialUpdateBookingReturns200(TestInfo) has been executed
2023-09-11 10:40:32.093 [main] INFO  APITests.BaseTest - testUpdateBookingReturns200(TestInfo) has been executed
2023-09-11 10:40:34.375 [main] INFO  APITests.BaseTest - testGetBookingIdsByNameReturns200(TestInfo) has been executed
2023-09-11 10:40:36.857 [main] INFO  APITests.BaseTest - testGetAllBookingIdsReturns200(TestInfo) has been executed
2023-09-11 10:40:40.374 [main] INFO  APITests.BaseTest - testDeleteBookingReturns201(TestInfo) has been executed
2023-09-11 10:40:42.766 [main] INFO  APITests.BaseTest - testGetBookingIdsByDateReturns200(TestInfo) has been executed
2023-09-11 10:40:43.019 [main] INFO  APITests.BaseTest - all test executed
2023-09-11 10:44:06.139 [main] INFO  APITests.BaseTest - Test case execution has started
2023-09-11 10:44:10.265 [main] INFO  APITests.BaseTest - testUpdateBookingReturnsCorrectDetails(TestInfo) has been executed
2023-09-11 10:44:12.666 [main] INFO  APITests.BaseTest - testCreateBookingReturnsCorrectDetails(TestInfo) has been executed
2023-09-11 10:44:16.257 [main] INFO  APITests.BaseTest - testGetBookingByIdReturns200(TestInfo) has been executed
2023-09-11 10:44:18.688 [main] INFO  APITests.BaseTest - testCreateBookingReturns200(TestInfo) has been executed
2023-09-11 10:44:21.052 [main] INFO  APITests.BaseTest - testGetAllBookingIdsReturnsNonEmptyArray(TestInfo) has been executed
2023-09-11 10:44:24.565 [main] INFO  APITests.BaseTest - testPartialUpdateBookingReturns200(TestInfo) has been executed
2023-09-11 10:44:28.163 [main] INFO  APITests.BaseTest - testUpdateBookingReturns200(TestInfo) has been executed
2023-09-11 10:44:30.550 [main] INFO  APITests.BaseTest - testGetBookingIdsByNameReturns200(TestInfo) has been executed
2023-09-11 10:44:32.927 [main] INFO  APITests.BaseTest - testGetAllBookingIdsReturns200(TestInfo) has been executed
2023-09-11 10:44:36.532 [main] INFO  APITests.BaseTest - testDeleteBookingReturns201(TestInfo) has been executed
2023-09-11 10:44:38.963 [main] INFO  APITests.BaseTest - testGetBookingIdsByDateReturns200(TestInfo) has been executed
2023-09-11 10:44:39.154 [main] INFO  APITests.BaseTest - all test executed
2023-09-11 11:37:17.829 [main] INFO  APITests.BaseTest - Test case execution has started
2023-09-11 11:37:19.486 [main] INFO  APITests.BaseTest - all test executed
2023-09-11 11:38:34.901 [main] INFO  APITests.BaseTest - Test case execution has started
2023-09-11 11:38:38.849 [main] INFO  APITests.BaseTest - testPartialUpdateBookingReturns200(TestInfo) has been executed
2023-09-11 11:38:39.062 [main] INFO  APITests.BaseTest - all test executed
2023-09-11 12:01:51.268 [main] INFO  APITests.BaseTest - Test case execution has started
2023-09-11 12:01:54.331 [main] INFO  APITests.BaseTest - all test executed
2023-09-11 12:42:19.858 [main] INFO  APITests.BaseTest - Test case execution has started
2023-09-11 12:42:23.830 [main] INFO  APITests.BaseTest - testUpdateBookingReturnsCorrectDetails has been executed
2023-09-11 12:42:26.247 [main] INFO  APITests.BaseTest - testCreateBookingReturnsCorrectDetails has been executed
2023-09-11 12:42:29.813 [main] INFO  APITests.BaseTest - testGetBookingByIdReturns200 has been executed
2023-09-11 12:42:32.203 [main] INFO  APITests.BaseTest - testCreateBookingReturns200 has been executed
2023-09-11 12:42:34.608 [main] INFO  APITests.BaseTest - testGetAllBookingIdsReturnsNonEmptyArray has been executed
2023-09-11 12:42:38.128 [main] INFO  APITests.BaseTest - testPartialUpdateBookingReturns200 has been executed
2023-09-11 12:42:41.653 [main] INFO  APITests.BaseTest - testUpdateBookingReturns200 has been executed
2023-09-11 12:42:44.035 [main] INFO  APITests.BaseTest - testGetBookingIdsByNameReturns200 has been executed
2023-09-11 12:42:46.425 [main] INFO  APITests.BaseTest - testGetAllBookingIdsReturns200 has been executed
2023-09-11 12:42:49.984 [main] INFO  APITests.BaseTest - testDeleteBookingReturns201 has been executed
2023-09-11 12:42:52.261 [main] INFO  APITests.BaseTest - testGetBookingIdsByDateReturns200 has been executed
2023-09-11 12:42:52.491 [main] INFO  APITests.BaseTest - all test executed
2023-09-11 12:52:15.218 [main] INFO  APITests.BaseTest - Test case execution has started
2023-09-11 12:52:19.279 [main] INFO  APITests.BaseTest - testUpdateBookingReturnsCorrectDetails has been executed
2023-09-11 12:52:21.759 [main] INFO  APITests.BaseTest - testCreateBookingReturnsCorrectDetails has been executed
2023-09-11 12:52:25.388 [main] INFO  APITests.BaseTest - testGetBookingByIdReturns200 has been executed
2023-09-11 12:52:27.743 [main] INFO  APITests.BaseTest - testCreateBookingReturns200 has been executed
2023-09-11 12:52:30.173 [main] INFO  APITests.BaseTest - testGetAllBookingIdsReturnsNonEmptyArray has been executed
2023-09-11 12:52:33.721 [main] INFO  APITests.BaseTest - testPartialUpdateBookingReturns200 has been executed
2023-09-11 12:52:37.347 [main] INFO  APITests.BaseTest - testUpdateBookingReturns200 has been executed
2023-09-11 12:52:39.655 [main] INFO  APITests.BaseTest - testGetBookingIdsByNameReturns200 has been executed
2023-09-11 12:52:42.023 [main] INFO  APITests.BaseTest - testGetAllBookingIdsReturns200 has been executed
2023-09-11 12:52:45.675 [main] INFO  APITests.BaseTest - testDeleteBookingReturns201 has been executed
2023-09-11 12:52:48.073 [main] INFO  APITests.BaseTest - testGetBookingIdsByDateReturns200 has been executed
2023-09-11 12:52:48.267 [main] INFO  APITests.BaseTest - all test executed
2023-09-11 12:59:16.445 [main] INFO  APITests.BaseTest - Test case execution has started
2023-09-11 12:59:19.178 [main] INFO  APITests.BaseTest - testCreateBookingReturnsCorrectDetails has been executed
2023-09-11 12:59:21.833 [main] INFO  APITests.BaseTest - testGetAllBookingIdsReturnsNonEmptyArray has been executed
2023-09-11 12:59:25.498 [main] INFO  APITests.BaseTest - testDeleteBookingReturns201 has been executed
2023-09-11 12:59:25.683 [main] INFO  APITests.BaseTest - all test executed
2023-09-11 12:59:26.858 [main] INFO  APITests.BaseTest - Test case execution has started
2023-09-11 12:59:30.545 [main] INFO  APITests.BaseTest - testUpdateBookingReturnsCorrectDetails has been executed
2023-09-11 12:59:34.095 [main] INFO  APITests.BaseTest - testPartialUpdateBookingReturns200 has been executed
2023-09-11 12:59:37.650 [main] INFO  APITests.BaseTest - testUpdateBookingReturns200 has been executed
2023-09-11 12:59:37.672 [main] INFO  APITests.BaseTest - all test executed
2023-09-11 12:59:38.874 [main] INFO  APITests.BaseTest - Test case execution has started
2023-09-11 12:59:41.347 [main] INFO  APITests.BaseTest - testCreateBookingReturnsCorrectDetails has been executed
2023-09-11 12:59:43.663 [main] INFO  APITests.BaseTest - testCreateBookingReturns200 has been executed
2023-09-11 12:59:43.684 [main] INFO  APITests.BaseTest - all test executed
2023-09-11 12:59:44.833 [main] INFO  APITests.BaseTest - Test case execution has started
2023-09-11 12:59:48.344 [main] INFO  APITests.BaseTest - testGetBookingByIdReturns200 has been executed
2023-09-11 12:59:50.906 [main] INFO  APITests.BaseTest - testGetAllBookingIdsReturnsNonEmptyArray has been executed
2023-09-11 12:59:53.395 [main] INFO  APITests.BaseTest - testGetBookingIdsByNameReturns200 has been executed
2023-09-11 12:59:55.762 [main] INFO  APITests.BaseTest - testGetAllBookingIdsReturns200 has been executed
2023-09-11 12:59:58.080 [main] INFO  APITests.BaseTest - testGetBookingIdsByDateReturns200 has been executed
2023-09-11 12:59:58.096 [main] INFO  APITests.BaseTest - all test executed
2023-09-11 13:14:11.768 [main] INFO  APITests.BaseTest - Test case execution has started
2023-09-11 13:14:14.485 [main] INFO  APITests.BaseTest - testCreateBookingReturnsCorrectDetails has been executed
2023-09-11 13:14:16.952 [main] INFO  APITests.BaseTest - testGetAllBookingIdsReturnsNonEmptyArray has been executed
2023-09-11 13:14:17.135 [main] INFO  APITests.BaseTest - all test executed
2023-09-11 13:14:18.383 [main] INFO  APITests.BaseTest - Test case execution has started
2023-09-11 13:15:18.638 [main] INFO  APITests.BaseTest - Test case execution has started
2023-09-11 13:15:21.409 [main] INFO  APITests.BaseTest - testCreateBookingReturnsCorrectDetails has been executed
2023-09-11 13:15:24.121 [main] INFO  APITests.BaseTest - testGetAllBookingIdsReturnsNonEmptyArray has been executed
2023-09-11 13:15:24.298 [main] INFO  APITests.BaseTest - all test executed
2023-09-11 13:15:25.463 [main] INFO  APITests.BaseTest - Test case execution has started
2023-09-11 13:15:28.974 [main] INFO  APITests.BaseTest - testUpdateBookingReturnsCorrectDetails has been executed
2023-09-11 13:15:32.673 [main] INFO  APITests.BaseTest - testPartialUpdateBookingReturns200 has been executed
2023-09-11 13:15:36.259 [main] INFO  APITests.BaseTest - testUpdateBookingReturns200 has been executed
2023-09-11 13:15:36.278 [main] INFO  APITests.BaseTest - all test executed
2023-09-11 13:15:37.523 [main] INFO  APITests.BaseTest - Test case execution has started
2023-09-11 13:15:41.013 [main] INFO  APITests.BaseTest - testDeleteBookingReturns201 has been executed
2023-09-11 13:15:41.030 [main] INFO  APITests.BaseTest - all test executed
2023-09-11 13:15:42.225 [main] INFO  APITests.BaseTest - Test case execution has started
2023-09-11 13:15:44.526 [main] INFO  APITests.BaseTest - testCreateBookingReturnsCorrectDetails has been executed
2023-09-11 13:15:46.951 [main] INFO  APITests.BaseTest - testCreateBookingReturns200 has been executed
2023-09-11 13:15:46.970 [main] INFO  APITests.BaseTest - all test executed
2023-09-11 13:15:48.149 [main] INFO  APITests.BaseTest - Test case execution has started
2023-09-11 13:15:52.686 [main] INFO  APITests.BaseTest - testGetBookingByIdReturns200 has been executed
2023-09-11 13:15:55.282 [main] INFO  APITests.BaseTest - testGetAllBookingIdsReturnsNonEmptyArray has been executed
2023-09-11 13:15:57.731 [main] INFO  APITests.BaseTest - testGetBookingIdsByNameReturns200 has been executed
2023-09-11 13:16:00.505 [main] INFO  APITests.BaseTest - testGetAllBookingIdsReturns200 has been executed
2023-09-11 13:16:02.872 [main] INFO  APITests.BaseTest - testGetBookingIdsByDateReturns200 has been executed
2023-09-11 13:16:02.909 [main] INFO  APITests.BaseTest - all test executed
2023-09-11 13:20:57.727 [main] INFO  APITests.BaseTest - Test case execution has started
2023-09-11 13:21:00.416 [main] INFO  APITests.BaseTest - testCreateBookingReturnsCorrectDetails has been executed
2023-09-11 13:21:02.805 [main] INFO  APITests.BaseTest - testCreateBookingReturns200 has been executed
2023-09-11 13:21:02.999 [main] INFO  APITests.BaseTest - all test executed
2023-09-11 13:21:04.208 [main] INFO  APITests.BaseTest - Test case execution has started
2023-09-11 13:21:07.889 [main] INFO  APITests.BaseTest - testDeleteBookingReturns201 has been executed
2023-09-11 13:21:07.898 [main] INFO  APITests.BaseTest - all test executed
2023-09-11 13:21:09.138 [main] INFO  APITests.BaseTest - Test case execution has started
2023-09-11 13:21:12.868 [main] INFO  APITests.BaseTest - testGetBookingByIdReturns200 has been executed
2023-09-11 13:21:25.254 [main] INFO  APITests.BaseTest - testGetAllBookingIdsReturnsNonEmptyArray has been executed
2023-09-11 13:21:27.664 [main] INFO  APITests.BaseTest - testGetBookingIdsByNameReturns200 has been executed
2023-09-11 13:21:30.084 [main] INFO  APITests.BaseTest - testGetAllBookingIdsReturns200 has been executed
2023-09-11 13:21:32.334 [main] INFO  APITests.BaseTest - testGetBookingIdsByDateReturns200 has been executed
2023-09-11 13:21:32.353 [main] INFO  APITests.BaseTest - all test executed
2023-09-11 13:21:33.480 [main] INFO  APITests.BaseTest - Test case execution has started
2023-09-11 13:21:35.806 [main] INFO  APITests.BaseTest - testCreateBookingReturnsCorrectDetails has been executed
2023-09-11 13:21:38.184 [main] INFO  APITests.BaseTest - testGetAllBookingIdsReturnsNonEmptyArray has been executed
2023-09-11 13:21:38.200 [main] INFO  APITests.BaseTest - all test executed
2023-09-11 13:21:39.428 [main] INFO  APITests.BaseTest - Test case execution has started
2023-09-11 13:21:43.459 [main] INFO  APITests.BaseTest - testUpdateBookingReturnsCorrectDetails has been executed
2023-09-11 13:21:47.043 [main] INFO  APITests.BaseTest - testPartialUpdateBookingReturns200 has been executed
2023-09-11 13:21:51.056 [main] INFO  APITests.BaseTest - testUpdateBookingReturns200 has been executed
2023-09-11 13:21:51.073 [main] INFO  APITests.BaseTest - all test executed
2023-09-11 13:24:10.955 [main] INFO  APITests.BaseTest - Test case execution has started
2023-09-11 13:24:13.797 [main] INFO  APITests.BaseTest - testCreateBookingReturnsCorrectDetails has been executed
2023-09-11 13:24:16.192 [main] INFO  APITests.BaseTest - testGetAllBookingIdsReturnsNonEmptyArray has been executed
2023-09-11 13:24:16.372 [main] INFO  APITests.BaseTest - all test executed
2023-09-11 13:24:17.534 [main] INFO  APITests.BaseTest - Test case execution has started
2023-09-11 13:24:21.061 [main] INFO  APITests.BaseTest - testUpdateBookingReturnsCorrectDetails has been executed
2023-09-11 13:24:24.598 [main] INFO  APITests.BaseTest - testPartialUpdateBookingReturns200 has been executed
2023-09-11 13:24:28.068 [main] INFO  APITests.BaseTest - testUpdateBookingReturns200 has been executed
2023-09-11 13:24:28.088 [main] INFO  APITests.BaseTest - all test executed
2023-09-11 13:24:29.261 [main] INFO  APITests.BaseTest - Test case execution has started
2023-09-11 13:24:32.864 [main] INFO  APITests.BaseTest - testDeleteBookingReturns201 has been executed
2023-09-11 13:24:32.874 [main] INFO  APITests.BaseTest - all test executed
2023-09-11 13:24:33.979 [main] INFO  APITests.BaseTest - Test case execution has started
2023-09-11 13:24:36.432 [main] INFO  APITests.BaseTest - testCreateBookingReturnsCorrectDetails has been executed
2023-09-11 13:24:38.856 [main] INFO  APITests.BaseTest - testCreateBookingReturns200 has been executed
2023-09-11 13:24:38.874 [main] INFO  APITests.BaseTest - all test executed
2023-09-11 13:24:39.998 [main] INFO  APITests.BaseTest - Test case execution has started
2023-09-11 13:24:43.632 [main] INFO  APITests.BaseTest - testGetBookingByIdReturns200 has been executed
2023-09-11 13:24:46.288 [main] INFO  APITests.BaseTest - testGetAllBookingIdsReturnsNonEmptyArray has been executed
2023-09-11 13:24:48.645 [main] INFO  APITests.BaseTest - testGetBookingIdsByNameReturns200 has been executed
2023-09-11 13:24:50.963 [main] INFO  APITests.BaseTest - testGetAllBookingIdsReturns200 has been executed
2023-09-11 13:24:53.400 [main] INFO  APITests.BaseTest - testGetBookingIdsByDateReturns200 has been executed
2023-09-11 13:24:53.417 [main] INFO  APITests.BaseTest - all test executed
2023-09-11 13:27:41.552 [main] INFO  APITests.BaseTest - Test case execution has started
2023-09-11 13:27:44.327 [main] INFO  APITests.BaseTest - testCreateBookingReturnsCorrectDetails has been executed
2023-09-11 13:27:44.581 [main] INFO  APITests.BaseTest - all test executed
2023-09-11 13:31:37.539 [main] INFO  APITests.BaseTest - Test case execution has started
2023-09-11 13:31:40.320 [main] INFO  APITests.BaseTest - testCreateBookingReturnsCorrectDetails has been executed
2023-09-11 13:31:42.688 [main] INFO  APITests.BaseTest - testCreateBookingReturns200 has been executed
2023-09-11 13:31:42.878 [main] INFO  APITests.BaseTest - all test executed
2023-09-11 13:31:44.010 [main] INFO  APITests.BaseTest - Test case execution has started
2023-09-11 13:31:47.543 [main] INFO  APITests.BaseTest - testDeleteBookingReturns201 has been executed
2023-09-11 13:31:47.554 [main] INFO  APITests.BaseTest - all test executed
2023-09-11 13:31:48.932 [main] INFO  APITests.BaseTest - Test case execution has started
2023-09-11 13:31:52.333 [main] INFO  APITests.BaseTest - testGetBookingByIdReturns200 has been executed
2023-09-11 13:31:55.092 [main] INFO  APITests.BaseTest - testGetAllBookingIdsReturnsNonEmptyArray has been executed
2023-09-11 13:31:57.575 [main] INFO  APITests.BaseTest - testGetBookingIdsByNameReturns200 has been executed
2023-09-11 13:31:59.948 [main] INFO  APITests.BaseTest - testGetAllBookingIdsReturns200 has been executed
2023-09-11 13:32:02.349 [main] INFO  APITests.BaseTest - testGetBookingIdsByDateReturns200 has been executed
2023-09-11 13:32:02.366 [main] INFO  APITests.BaseTest - all test executed
2023-09-11 13:32:03.489 [main] INFO  APITests.BaseTest - Test case execution has started
2023-09-11 13:32:05.828 [main] INFO  APITests.BaseTest - testCreateBookingReturnsCorrectDetails has been executed
2023-09-11 13:32:08.604 [main] INFO  APITests.BaseTest - testGetAllBookingIdsReturnsNonEmptyArray has been executed
2023-09-11 13:32:08.625 [main] INFO  APITests.BaseTest - all test executed
2023-09-11 13:32:09.762 [main] INFO  APITests.BaseTest - Test case execution has started
2023-09-11 13:32:13.211 [main] INFO  APITests.BaseTest - testUpdateBookingReturnsCorrectDetails has been executed
2023-09-11 13:32:16.697 [main] INFO  APITests.BaseTest - testPartialUpdateBookingReturns200 has been executed
2023-09-11 13:32:20.266 [main] INFO  APITests.BaseTest - testUpdateBookingReturns200 has been executed
2023-09-11 13:32:20.280 [main] INFO  APITests.BaseTest - all test executed
2023-09-11 15:55:26.594 [main] INFO  APITests.BaseTest - Test case execution has started
2023-09-11 15:55:30.726 [main] INFO  APITests.BaseTest - all test executed
2023-09-11 16:15:54.674 [main] INFO  APITests.BaseTest - Test case execution has started
2023-09-11 16:15:57.544 [main] INFO  APITests.BaseTest - testCreateBookingReturnsCorrectDetails has been executed
2023-09-11 16:15:59.917 [main] INFO  APITests.BaseTest - testCreateBookingReturns200 has been executed
2023-09-11 16:16:00.138 [main] INFO  APITests.BaseTest - all test executed
2023-09-11 16:16:01.293 [main] INFO  APITests.BaseTest - Test case execution has started
2023-09-11 16:16:04.742 [main] INFO  APITests.BaseTest - testDeleteBookingReturns201 has been executed
2023-09-11 16:16:04.751 [main] INFO  APITests.BaseTest - all test executed
2023-09-11 16:16:05.843 [main] INFO  APITests.BaseTest - Test case execution has started
2023-09-11 16:16:09.390 [main] INFO  APITests.BaseTest - testGetBookingByIdReturns200 has been executed
2023-09-11 16:16:11.892 [main] INFO  APITests.BaseTest - testGetAllBookingIdsReturnsNonEmptyArray has been executed
2023-09-11 16:16:14.203 [main] INFO  APITests.BaseTest - testGetBookingIdsByNameReturns200 has been executed
2023-09-11 16:16:16.583 [main] INFO  APITests.BaseTest - testGetAllBookingIdsReturns200 has been executed
2023-09-11 16:16:18.937 [main] INFO  APITests.BaseTest - testGetBookingIdsByDateReturns200 has been executed
2023-09-11 16:16:18.955 [main] INFO  APITests.BaseTest - all test executed
2023-09-11 16:16:20.114 [main] INFO  APITests.BaseTest - Test case execution has started
2023-09-11 16:16:22.421 [main] INFO  APITests.BaseTest - testCreateBookingReturnsCorrectDetails has been executed
2023-09-11 16:16:25.047 [main] INFO  APITests.BaseTest - testGetAllBookingIdsReturnsNonEmptyArray has been executed
2023-09-11 16:16:28.541 [main] INFO  APITests.BaseTest - testUpdateBookingReturns405 has been executed
2023-09-11 16:16:28.563 [main] INFO  APITests.BaseTest - all test executed
2023-09-11 16:16:29.737 [main] INFO  APITests.BaseTest - Test case execution has started
2023-09-11 16:16:33.253 [main] INFO  APITests.BaseTest - testUpdateBookingReturnsCorrectDetails has been executed
2023-09-11 16:16:36.735 [main] INFO  APITests.BaseTest - testPartialUpdateBookingReturns200 has been executed
2023-09-11 16:16:40.361 [main] INFO  APITests.BaseTest - testUpdateBookingReturns200 has been executed
2023-09-11 16:16:40.381 [main] INFO  APITests.BaseTest - all test executed
2023-09-11 16:21:04.099 [main] INFO  APITests.BaseTest - Test case execution has started
2023-09-11 16:21:05.715 [main] INFO  APITests.BaseTest - all test executed
2023-09-11 16:21:52.457 [main] INFO  APITests.BaseTest - Test case execution has started
2023-09-11 16:21:54.039 [main] INFO  APITests.BaseTest - all test executed
2023-09-11 16:23:28.699 [main] INFO  APITests.BaseTest - Test case execution has started
2023-09-11 16:23:32.647 [main] INFO  APITests.BaseTest - testUpdateBookingReturns405 has been executed
2023-09-11 16:23:32.841 [main] INFO  APITests.BaseTest - all test executed
2023-09-11 16:27:14.972 [main] INFO  APITests.BaseTest - Test case execution has started
2023-09-11 16:27:18.970 [main] INFO  APITests.BaseTest - all test executed
2023-09-11 16:28:37.787 [main] INFO  APITests.BaseTest - Test case execution has started
2023-09-11 16:28:41.854 [main] INFO  APITests.BaseTest - testDeleteBookingReturns403 has been executed
2023-09-11 16:28:42.048 [main] INFO  APITests.BaseTest - all test executed
2023-09-11 16:29:22.771 [main] INFO  APITests.BaseTest - Test case execution has started
2023-09-11 16:29:26.713 [main] INFO  APITests.BaseTest - testDeleteBookingReturns401 has been executed
2023-09-11 16:29:26.907 [main] INFO  APITests.BaseTest - all test executed
2023-09-11 16:29:57.435 [main] INFO  APITests.BaseTest - Test case execution has started
2023-09-11 16:30:01.311 [main] INFO  APITests.BaseTest - testDeleteBookingReturns401 has been executed
2023-09-11 16:30:01.491 [main] INFO  APITests.BaseTest - all test executed
2023-09-11 16:37:48.776 [main] INFO  APITests.BaseTest - Test case execution has started
2023-09-11 16:37:51.795 [main] INFO  APITests.BaseTest - testGetAllBookingIdsReturnsNonEmptyArray has been executed
2023-09-11 16:37:55.462 [main] INFO  APITests.BaseTest - testUpdateBookingReturns405 has been executed
2023-09-11 16:38:00.158 [main] INFO  APITests.BaseTest - testDeleteBookingReturns401 has been executed
2023-09-11 16:38:03.765 [main] INFO  APITests.BaseTest - testDeleteBookingReturns403 has been executed
2023-09-11 16:38:03.946 [main] INFO  APITests.BaseTest - all test executed
2023-09-11 16:40:20.985 [main] INFO  APITests.BaseTest - Test case execution has started
2023-09-11 16:40:24.166 [main] INFO  APITests.BaseTest - testGetAllBookingIdsReturnsNonEmptyArray has been executed
2023-09-11 16:40:26.717 [main] INFO  APITests.BaseTest - testUpdateBookingReturns405 has been executed
2023-09-11 16:43:04.539 [main] INFO  APITests.BaseTest - Test case execution has started
2023-09-11 16:43:07.490 [main] INFO  APITests.BaseTest - testCreateBookingReturnsCorrectDetails has been executed
2023-09-11 16:43:09.849 [main] INFO  APITests.BaseTest - testCreateBookingReturns200 has been executed
2023-09-11 16:43:10.052 [main] INFO  APITests.BaseTest - All test cases have been executed.
2023-09-11 16:47:23.869 [main] INFO  APITests.BaseTest - Test case execution has started
2023-09-11 16:47:27.819 [main] INFO  APITests.BaseTest - testUpdateBookingReturnsCorrectDetails has been executed
2023-09-11 16:47:31.382 [main] INFO  APITests.BaseTest - testPartialUpdateBookingReturns200 has been executed
2023-09-11 16:47:34.751 [main] INFO  APITests.BaseTest - testUpdateBookingReturns200 has been executed
2023-09-11 16:47:34.928 [main] INFO  APITests.BaseTest - All test cases have been executed.
2023-09-11 16:47:36.130 [main] INFO  APITests.BaseTest - Test case execution has started
2023-09-11 16:47:39.539 [main] INFO  APITests.BaseTest - testDeleteBookingReturns201 has been executed
2023-09-11 16:47:39.550 [main] INFO  APITests.BaseTest - All test cases have been executed.
2023-09-11 16:47:40.712 [main] INFO  APITests.BaseTest - Test case execution has started
2023-09-11 16:47:43.335 [main] INFO  APITests.BaseTest - testGetAllBookingIdsReturnsNonEmptyArray has been executed
2023-09-11 16:47:45.585 [main] INFO  APITests.BaseTest - testUpdateBookingReturns405 has been executed
2023-09-11 16:47:50.216 [main] INFO  APITests.BaseTest - testDeleteBookingReturns401 has been executed
2023-09-11 16:47:53.810 [main] INFO  APITests.BaseTest - testDeleteBookingReturns403 has been executed
2023-09-11 16:47:53.828 [main] INFO  APITests.BaseTest - All test cases have been executed.
2023-09-11 16:47:55.027 [main] INFO  APITests.BaseTest - Test case execution has started
2023-09-11 16:47:57.372 [main] INFO  APITests.BaseTest - testCreateBookingReturnsCorrectDetails has been executed
2023-09-11 16:47:59.815 [main] INFO  APITests.BaseTest - testCreateBookingReturns200 has been executed
2023-09-11 16:47:59.836 [main] INFO  APITests.BaseTest - All test cases have been executed.
2023-09-11 16:48:01.031 [main] INFO  APITests.BaseTest - Test case execution has started
2023-09-11 16:48:04.863 [main] INFO  APITests.BaseTest - testGetBookingByIdReturns200 has been executed
2023-09-11 16:48:07.467 [main] INFO  APITests.BaseTest - testGetAllBookingIdsReturnsNonEmptyArray has been executed
2023-09-11 16:48:09.885 [main] INFO  APITests.BaseTest - testGetBookingIdsByNameReturns200 has been executed
2023-09-11 16:48:12.408 [main] INFO  APITests.BaseTest - testGetAllBookingIdsReturns200 has been executed
2023-09-11 16:48:14.931 [main] INFO  APITests.BaseTest - testGetBookingIdsByDateReturns200 has been executed
2023-09-11 16:48:14.946 [main] INFO  APITests.BaseTest - All test cases have been executed.
2023-09-11 16:58:23.776 [main] INFO  APITests.BaseTest - Test case execution has started
2023-09-11 16:58:27.840 [main] INFO  APITests.BaseTest - testUpdateBookingReturnsCorrectDetails has been executed
2023-09-11 16:58:31.420 [main] INFO  APITests.BaseTest - testPartialUpdateBookingReturns200 has been executed
2023-09-11 16:58:35.006 [main] INFO  APITests.BaseTest - testUpdateBookingReturns200 has been executed
2023-09-11 16:58:35.187 [main] INFO  APITests.BaseTest - All test cases have been executed.
2023-09-11 16:58:36.365 [main] INFO  APITests.BaseTest - Test case execution has started
2023-09-11 16:58:39.923 [main] INFO  APITests.BaseTest - testDeleteBookingReturns201 has been executed
2023-09-11 16:58:39.935 [main] INFO  APITests.BaseTest - All test cases have been executed.
2023-09-11 16:58:41.117 [main] INFO  APITests.BaseTest - Test case execution has started
2023-09-11 16:58:43.736 [main] INFO  APITests.BaseTest - testGetAllBookingIdsReturnsNonEmptyArray has been executed
2023-09-11 16:58:46.064 [main] INFO  APITests.BaseTest - testUpdateBookingReturns405 has been executed
2023-09-11 16:58:50.805 [main] INFO  APITests.BaseTest - testDeleteBookingReturns401 has been executed
2023-09-11 16:58:54.391 [main] INFO  APITests.BaseTest - testDeleteBookingReturns403 has been executed
2023-09-11 16:58:54.408 [main] INFO  APITests.BaseTest - All test cases have been executed.
2023-09-11 16:58:55.585 [main] INFO  APITests.BaseTest - Test case execution has started
2023-09-11 16:58:57.969 [main] INFO  APITests.BaseTest - testCreateBookingReturnsCorrectDetails has been executed
2023-09-11 16:59:00.333 [main] INFO  APITests.BaseTest - testCreateBookingReturns200 has been executed
2023-09-11 16:59:00.358 [main] INFO  APITests.BaseTest - All test cases have been executed.
2023-09-11 16:59:01.606 [main] INFO  APITests.BaseTest - Test case execution has started
2023-09-11 16:59:05.083 [main] INFO  APITests.BaseTest - testGetBookingByIdReturns200 has been executed
2023-09-11 16:59:07.634 [main] INFO  APITests.BaseTest - testGetAllBookingIdsReturnsNonEmptyArray has been executed
2023-09-11 16:59:09.918 [main] INFO  APITests.BaseTest - testGetBookingIdsByNameReturns200 has been executed
2023-09-11 16:59:12.300 [main] INFO  APITests.BaseTest - testGetAllBookingIdsReturns200 has been executed
2023-09-11 16:59:14.690 [main] INFO  APITests.BaseTest - testGetBookingIdsByDateReturns200 has been executed
2023-09-11 16:59:14.712 [main] INFO  APITests.BaseTest - All test cases have been executed.
2023-09-11 17:12:58.955 [main] INFO  APITests.BaseTest - Test case execution has started
2023-09-11 17:13:01.784 [main] INFO  APITests.BaseTest - testCreateBookingReturnsCorrectDetails has been executed
2023-09-11 17:13:04.142 [main] INFO  APITests.BaseTest - testCreateBookingReturns200 has been executed
2023-09-11 17:13:04.466 [main] INFO  APITests.BaseTest - All test cases have been executed.
2023-09-11 17:13:05.639 [main] INFO  APITests.BaseTest - Test case execution has started
2023-09-11 17:13:09.171 [main] INFO  APITests.BaseTest - testDeleteBookingReturns201 has been executed
2023-09-11 17:13:09.180 [main] INFO  APITests.BaseTest - All test cases have been executed.
2023-09-11 17:13:10.372 [main] INFO  APITests.BaseTest - Test case execution has started
2023-09-11 17:13:13.949 [main] INFO  APITests.BaseTest - testGetBookingByIdReturns200 has been executed
2023-09-11 17:13:16.195 [main] INFO  APITests.BaseTest - testGetAllBookingIdsReturnsNonEmptyArray has been executed
2023-09-11 17:13:18.515 [main] INFO  APITests.BaseTest - testGetBookingIdsByNameReturns200 has been executed
2023-09-11 17:13:20.942 [main] INFO  APITests.BaseTest - testGetAllBookingIdsReturns200 has been executed
2023-09-11 17:13:23.317 [main] INFO  APITests.BaseTest - testGetBookingIdsByDateReturns200 has been executed
2023-09-11 17:13:23.336 [main] INFO  APITests.BaseTest - All test cases have been executed.
2023-09-11 17:13:25.147 [main] INFO  APITests.BaseTest - Test case execution has started
2023-09-11 17:13:27.524 [main] INFO  APITests.BaseTest - testGetAllBookingIdsReturnsNonEmptyArray has been executed
2023-09-11 17:13:29.902 [main] INFO  APITests.BaseTest - testUpdateBookingReturns405 has been executed
2023-09-11 17:13:34.525 [main] INFO  APITests.BaseTest - testDeleteBookingReturns401 has been executed
2023-09-11 17:13:37.971 [main] INFO  APITests.BaseTest - testDeleteBookingReturns403 has been executed
2023-09-11 17:13:37.994 [main] INFO  APITests.BaseTest - All test cases have been executed.
2023-09-11 17:13:39.181 [main] INFO  APITests.BaseTest - Test case execution has started
2023-09-11 17:13:42.756 [main] INFO  APITests.BaseTest - testUpdateBookingReturnsCorrectDetails has been executed
2023-09-11 17:13:46.124 [main] INFO  APITests.BaseTest - testPartialUpdateBookingReturns200 has been executed
2023-09-11 17:13:49.806 [main] INFO  APITests.BaseTest - testUpdateBookingReturns200 has been executed
2023-09-11 17:13:49.821 [main] INFO  APITests.BaseTest - All test cases have been executed.
2023-09-11 18:19:05.896 [main] INFO  APITests.BaseTest - Test case execution has started
2023-09-11 18:19:08.752 [main] INFO  APITests.BaseTest - testCreateBookingReturnsCorrectDetails has been executed
2023-09-11 18:19:11.098 [main] INFO  APITests.BaseTest - testCreateBookingReturns200 has been executed
2023-09-11 18:19:11.304 [main] INFO  APITests.BaseTest - All test cases have been executed.
2023-09-11 18:19:12.490 [main] INFO  APITests.BaseTest - Test case execution has started
2023-09-11 18:19:16.004 [main] INFO  APITests.BaseTest - testDeleteBookingReturns201 has been executed
2023-09-11 18:19:16.016 [main] INFO  APITests.BaseTest - All test cases have been executed.
2023-09-11 18:19:17.144 [main] INFO  APITests.BaseTest - Test case execution has started
2023-09-11 18:19:20.603 [main] INFO  APITests.BaseTest - testGetBookingByIdReturns200 has been executed
2023-09-11 18:19:23.154 [main] INFO  APITests.BaseTest - testGetAllBookingIdsReturnsNonEmptyArray has been executed
2023-09-11 18:19:25.571 [main] INFO  APITests.BaseTest - testGetBookingIdsByNameReturns200 has been executed
2023-09-11 18:19:27.909 [main] INFO  APITests.BaseTest - testGetAllBookingIdsReturns200 has been executed
2023-09-11 18:19:30.223 [main] INFO  APITests.BaseTest - testGetBookingIdsByDateReturns200 has been executed
2023-09-11 18:19:30.244 [main] INFO  APITests.BaseTest - All test cases have been executed.
2023-09-11 18:19:31.478 [main] INFO  APITests.BaseTest - Test case execution has started
2023-09-11 18:19:34.084 [main] INFO  APITests.BaseTest - testGetAllBookingIdsReturnsNonEmptyArray has been executed
2023-09-11 18:19:36.508 [main] INFO  APITests.BaseTest - testUpdateBookingReturns405 has been executed
2023-09-11 18:19:41.196 [main] INFO  APITests.BaseTest - testDeleteBookingReturns401 has been executed
2023-09-11 18:19:44.780 [main] INFO  APITests.BaseTest - testDeleteBookingReturns403 has been executed
2023-09-11 18:19:44.804 [main] INFO  APITests.BaseTest - All test cases have been executed.
2023-09-11 18:19:45.988 [main] INFO  APITests.BaseTest - Test case execution has started
2023-09-11 18:19:49.446 [main] INFO  APITests.BaseTest - testUpdateBookingReturnsCorrectDetails has been executed
2023-09-11 18:19:52.945 [main] INFO  APITests.BaseTest - testPartialUpdateBookingReturns200 has been executed
2023-09-11 18:19:56.459 [main] INFO  APITests.BaseTest - testUpdateBookingReturns200 has been executed
2023-09-11 18:19:56.473 [main] INFO  APITests.BaseTest - All test cases have been executed.
